<?xml version="1.0" encoding="UTF-8"?>
<!-- Generated by org.testng.reporters.JUnitReportReporter -->
<testsuite skipped="0" hostname="ICF2025846" name="tests.JsonSchemaValidator" tests="1" failures="0" timestamp="2021-07-29T10:02:31 IST" time="8.809" errors="0">
  <testcase name="jsonValidate" time="8.809" classname="tests.JsonSchemaValidator"/>
  <system-out/>
</testsuite> <!-- tests.JsonSchemaValidator -->
