<?xml version="1.0" encoding="UTF-8"?>
<!-- Generated by org.testng.reporters.JUnitReportReporter -->
<testsuite skipped="3" hostname="ICF2025846" name="tests.LocalAPITest" tests="4" failures="0" timestamp="2021-07-28T22:46:01 IST" time="2.542" errors="0">
  <testcase name="postTest" time="2.542" classname="tests.LocalAPITest"/>
  <system-out/>
  <testcase name="putTest" classname="tests.LocalAPITest">
    <skipped/>
  </testcase> <!-- putTest -->
  <system-out/>
  <testcase name="patchTest" classname="tests.LocalAPITest">
    <skipped/>
  </testcase> <!-- patchTest -->
  <system-out/>
  <testcase name="getTest" classname="tests.LocalAPITest">
    <skipped/>
  </testcase> <!-- getTest -->
  <system-out/>
</testsuite> <!-- tests.LocalAPITest -->
