<?xml version="1.0" encoding="UTF-8"?>
<!-- Generated by org.testng.reporters.JUnitReportReporter -->
<testsuite skipped="0" hostname="ICF2025846" name="tests.SoapXmlRequest" tests="1" failures="0" timestamp="2021-07-29T11:35:49 IST" time="6.744" errors="0">
  <testcase name="validateSoapXML" time="6.744" classname="tests.SoapXmlRequest"/>
  <system-out/>
</testsuite> <!-- tests.SoapXmlRequest -->
