<?xml version="1.0" encoding="UTF-8"?>
<!-- Generated by org.testng.reporters.JUnitReportReporter -->
<testsuite skipped="6" hostname="ICF2025846" name="tests.Testone" tests="7" failures="0" timestamp="2021-07-28T15:50:41 IST" time="3.902" errors="0">
  <testcase name="delete1" time="3.902" classname="tests.Testone"/>
  <system-out/>
  <testcase name="get1" classname="tests.Testone">
    <skipped/>
  </testcase> <!-- get1 -->
  <system-out/>
  <testcase name="test_1" classname="tests.Testone">
    <skipped/>
  </testcase> <!-- test_1 -->
  <system-out/>
  <testcase name="patch" classname="tests.Testone">
    <skipped/>
  </testcase> <!-- patch -->
  <system-out/>
  <testcase name="test_2" classname="tests.Testone">
    <skipped/>
  </testcase> <!-- test_2 -->
  <system-out/>
  <testcase name="put" classname="tests.Testone">
    <skipped/>
  </testcase> <!-- put -->
  <system-out/>
  <testcase name="post" classname="tests.Testone">
    <skipped/>
  </testcase> <!-- post -->
  <system-out/>
</testsuite> <!-- tests.Testone -->
